C:\USERS\LENA\DESKTOP\TRANSL\TRANSL\TRANSL\DEBUG\TRANSL.PCH
C:\USERS\LENA\DESKTOP\TRANSL\TRANSL\TRANSL\DEBUG\STDAFX.OBJ
C:\USERS\LENA\DESKTOP\TRANSL\TRANSL\TRANSL\DEBUG\VC110.PDB
C:\USERS\LENA\DESKTOP\TRANSL\TRANSL\TRANSL\DEBUG\TRANSL.OBJ
C:\USERS\LENA\DESKTOP\TRANSL\TRANSL\TRANSL\DEBUG\TREESEMANT.OBJ
C:\USERS\LENA\DESKTOP\TRANSL\TRANSL\DEBUG\TRANSL.ILK
C:\USERS\LENA\DESKTOP\TRANSL\TRANSL\DEBUG\TRANSL.EXE
C:\USERS\LENA\DESKTOP\TRANSL\TRANSL\DEBUG\TRANSL.PDB
C:\Users\lena\Desktop\transl\transl\transl\Debug\stdafx.obj
C:\Users\lena\Desktop\transl\transl\transl\Debug\transl.obj
C:\Users\lena\Desktop\transl\transl\transl\Debug\treeSemant.obj
C:\Users\lena\Desktop\transl\transl\transl\Debug\cl.command.1.tlog
C:\Users\lena\Desktop\transl\transl\transl\Debug\CL.read.1.tlog
C:\Users\lena\Desktop\transl\transl\transl\Debug\CL.write.1.tlog
C:\Users\lena\Desktop\transl\transl\transl\Debug\link-cvtres.read.1.tlog
C:\Users\lena\Desktop\transl\transl\transl\Debug\link-cvtres.write.1.tlog
C:\Users\lena\Desktop\transl\transl\transl\Debug\link-rc.read.1.tlog
C:\Users\lena\Desktop\transl\transl\transl\Debug\link-rc.write.1.tlog
C:\Users\lena\Desktop\transl\transl\transl\Debug\link.command.1.tlog
C:\Users\lena\Desktop\transl\transl\transl\Debug\link.read.1.tlog
C:\Users\lena\Desktop\transl\transl\transl\Debug\link.write.1.tlog
C:\Users\lena\Desktop\transl\transl\transl\Debug\transl.pch
C:\Users\lena\Desktop\transl\transl\transl\Debug\vc110.idb
C:\Users\lena\Desktop\transl\transl\transl\Debug\vc110.pdb
C:\Users\lena\Desktop\transl\transl\Debug\transl.pdb
C:\Users\lena\Desktop\transl\transl\Debug\transl.exe
C:\Users\lena\Desktop\transl\transl\Debug\transl.ilk
